<?xml version="1.0" encoding="UTF-8"?>
<!-- Generated by org.testng.reporters.JUnitReportReporter -->
<testsuite skipped="0" hostname="ICEN216" name="com.airtel.in.TestLandingPageAndCart" tests="1" failures="0" timestamp="05 Jul 2020 08:25:24 GMT" time="6.716" errors="0">
  <testcase name="testLandingPageAndCart" time="6.716" classname="com.airtel.in.TestLandingPageAndCart"/>
</testsuite> <!-- com.airtel.in.TestLandingPageAndCart -->
